<?xml version="1.0" encoding="UTF-8"?>
<!-- Generated by org.testng.reporters.JUnitReportReporter -->
<testsuite skipped="0" hostname="LT0072540" name="com.ril.deliveryApp.ws.Testing" tests="3" failures="0" timestamp="14 Feb 2019 13:26:40 GMT" time="0.133" errors="0">
  <testcase name="exceldatahelper" time="0.007" classname="com.ril.deliveryApp.ws.Testing"/>
  <testcase name="exceldatahelper" time="0.119" classname="com.ril.deliveryApp.ws.Testing"/>
  <testcase name="exceldatahelper" time="0.007" classname="com.ril.deliveryApp.ws.Testing"/>
</testsuite> <!-- com.ril.deliveryApp.ws.Testing -->
