<?xml version="1.0" encoding="UTF-8"?>
<!-- Generated by org.testng.reporters.JUnitReportReporter -->
<testsuite name="com.ril.deliveryApp.ws.DirectionModule" tests="1" time="63.299" ignored="0" failures="0" timestamp="15 Feb 2019 11:20:58 GMT" skipped="0" hostname="LT0072540" errors="0">
  <testcase name="DirectionFromAndToPlace" time="63.299" classname="com.ril.deliveryApp.ws.DirectionModule"/>
</testsuite> <!-- com.ril.deliveryApp.ws.DirectionModule -->
