<?xml version="1.0" encoding="UTF-8"?>
<!-- Generated by org.testng.reporters.JUnitReportReporter -->
<testsuite name="com.ril.deliveryApp.ws.TestETststst" tests="1" time="0.000" ignored="0" failures="0" timestamp="15 Feb 2019 11:20:58 GMT" skipped="0" hostname="LT0072540" errors="0">
  <testcase name="testtete" time="0.000" classname="com.ril.deliveryApp.ws.TestETststst"/>
</testsuite> <!-- com.ril.deliveryApp.ws.TestETststst -->
